2025-08-10 16:49:10,827 - INFO - 图像处理器初始化完成
2025-08-10 16:49:10,829 - INFO - 图像处理器初始化完成
2025-08-10 16:49:10,830 - INFO - 图像处理器初始化完成
2025-08-10 16:49:10,841 - INFO - 开始执行水印嵌入操作
2025-08-10 16:49:10,842 - INFO - 开始水印嵌入: my_photo.jpg + text_watermark.png -> my_photo_watermarked.png
2025-08-10 16:49:10,857 - INFO - 容量验证通过: 4800/3499200 位
2025-08-10 16:49:10,858 - INFO - 水印预处理完成: 4800 个比特
2025-08-10 16:49:10,860 - INFO - LSB嵌入完成: 4800 个比特已嵌入
2025-08-10 16:49:10,898 - INFO - 图像已保存: my_photo_watermarked.png
2025-08-10 16:49:10,899 - INFO - 水印嵌入流程完成
2025-08-10 16:49:10,900 - INFO - 操作执行成功
2025-08-10 16:49:34,531 - INFO - 图像处理器初始化完成
2025-08-10 16:49:34,532 - INFO - 图像处理器初始化完成
2025-08-10 16:49:34,532 - INFO - 图像处理器初始化完成
2025-08-10 16:49:34,545 - INFO - 开始执行水印提取操作
2025-08-10 16:49:34,545 - INFO - 开始水印提取: my_photo_watermarked.png -> extracted_watermark.png
2025-08-10 16:49:34,569 - INFO - LSB比特提取完成: 4800 个比特
2025-08-10 16:49:34,570 - INFO - 水印重构完成: (40, 120)
2025-08-10 16:49:34,571 - INFO - 图像已保存: extracted_watermark.png
2025-08-10 16:49:34,572 - INFO - 水印提取流程完成
2025-08-10 16:49:34,573 - INFO - 操作执行成功
2025-08-10 16:49:49,845 - INFO - 图像处理器初始化完成
2025-08-10 16:49:49,846 - INFO - 图像处理器初始化完成
2025-08-10 16:49:49,847 - INFO - 图像处理器初始化完成
2025-08-10 16:49:49,857 - INFO - 开始执行鲁棒性测试操作
2025-08-10 16:49:49,857 - INFO - 启动鲁棒性测试套件
2025-08-10 16:49:49,857 - INFO - 执行测试: baseline_control
2025-08-10 16:49:49,857 - INFO - 开始水印提取: my_photo_watermarked.png -> robustness_analysis\baseline_extracted.png
2025-08-10 16:49:49,879 - INFO - LSB比特提取完成: 4800 个比特
2025-08-10 16:49:49,880 - INFO - 水印重构完成: (40, 120)
2025-08-10 16:49:49,881 - INFO - 图像已保存: robustness_analysis\baseline_extracted.png
2025-08-10 16:49:49,881 - INFO - 水印提取流程完成
2025-08-10 16:49:49,893 - INFO - baseline_control 测试完成: 100.00%
2025-08-10 16:49:49,893 - INFO - 执行测试: horizontal_flip
2025-08-10 16:49:49,999 - INFO - 开始水印提取: robustness_analysis\attacked_horizontal_flip.png -> robustness_analysis\extracted_horizontal_flip.png
2025-08-10 16:49:50,024 - INFO - LSB比特提取完成: 4800 个比特
2025-08-10 16:49:50,025 - INFO - 水印重构完成: (40, 120)
2025-08-10 16:49:50,027 - INFO - 图像已保存: robustness_analysis\extracted_horizontal_flip.png
2025-08-10 16:49:50,027 - INFO - 水印提取流程完成
2025-08-10 16:49:50,029 - INFO - horizontal_flip 测试完成: 75.21%
2025-08-10 16:49:50,029 - INFO - 执行测试: geometric_translation
2025-08-10 16:49:50,104 - INFO - 开始水印提取: robustness_analysis\attacked_translation.png -> robustness_analysis\extracted_translation.png
2025-08-10 16:49:50,122 - INFO - LSB比特提取完成: 4800 个比特
2025-08-10 16:49:50,122 - INFO - 水印重构完成: (40, 120)
2025-08-10 16:49:50,123 - INFO - 图像已保存: robustness_analysis\extracted_translation.png
2025-08-10 16:49:50,123 - INFO - 水印提取流程完成
2025-08-10 16:49:50,125 - INFO - geometric_translation 测试完成: 96.27%
2025-08-10 16:49:50,125 - INFO - 执行测试: region_cropping
2025-08-10 16:49:50,163 - INFO - 开始水印提取: robustness_analysis\attacked_cropping.png -> robustness_analysis\extracted_cropping.png
2025-08-10 16:49:50,176 - INFO - LSB比特提取完成: 4800 个比特
2025-08-10 16:49:50,176 - INFO - 水印重构完成: (40, 120)
2025-08-10 16:49:50,178 - INFO - 图像已保存: robustness_analysis\extracted_cropping.png
2025-08-10 16:49:50,178 - INFO - 水印提取流程完成
2025-08-10 16:49:50,179 - INFO - region_cropping 测试完成: 89.15%
2025-08-10 16:49:50,179 - INFO - 执行测试: contrast_enhancement
2025-08-10 16:49:50,247 - INFO - 开始水印提取: robustness_analysis\attacked_contrast.png -> robustness_analysis\extracted_contrast.png
2025-08-10 16:49:50,271 - INFO - LSB比特提取完成: 4800 个比特
2025-08-10 16:49:50,272 - INFO - 水印重构完成: (40, 120)
2025-08-10 16:49:50,273 - INFO - 图像已保存: robustness_analysis\extracted_contrast.png
2025-08-10 16:49:50,273 - INFO - 水印提取流程完成
2025-08-10 16:49:50,276 - INFO - contrast_enhancement 测试完成: 38.48%
2025-08-10 16:49:50,276 - INFO - 执行测试: jpeg_compression
2025-08-10 16:49:50,311 - INFO - 开始水印提取: robustness_analysis\attacked_compression.jpg -> robustness_analysis\extracted_compression.png
2025-08-10 16:49:50,325 - INFO - LSB比特提取完成: 4800 个比特
2025-08-10 16:49:50,326 - INFO - 水印重构完成: (40, 120)
2025-08-10 16:49:50,329 - INFO - 图像已保存: robustness_analysis\extracted_compression.png
2025-08-10 16:49:50,329 - INFO - 水印提取流程完成
2025-08-10 16:49:50,333 - INFO - jpeg_compression 测试完成: 50.46%
2025-08-10 16:49:50,336 - INFO - 测试报告已生成: robustness_analysis\robustness_test_report.json
2025-08-10 16:49:50,340 - INFO - 操作执行成功
